[debug] [2026-05-10T09:55:54.366Z] ----------------------------------------------------------------------
[debug] [2026-05-10T09:55:54.368Z] Command:       C:\Program Files\nodejs\node.exe C:\Users\alman\AppData\Roaming\npm\node_modules\firebase-tools\lib\bin\firebase.js emulators:start --only functions
[debug] [2026-05-10T09:55:54.368Z] CLI Version:   15.17.0
[debug] [2026-05-10T09:55:54.368Z] Platform:      win32
[debug] [2026-05-10T09:55:54.368Z] Node Version:  v22.14.0
[debug] [2026-05-10T09:55:54.368Z] Time:          Sun May 10 2026 11:55:54 GMT+0200 (Central European Summer Time)
[debug] [2026-05-10T09:55:54.368Z] ----------------------------------------------------------------------
[debug] 
[debug] [2026-05-10T09:55:55.172Z] > command requires scopes: ["email","openid","https://www.googleapis.com/auth/cloudplatformprojects.readonly","https://www.googleapis.com/auth/firebase","https://www.googleapis.com/auth/cloud-platform"]
[debug] [2026-05-10T09:55:55.172Z] > authorizing via signed-in user (gameportaltec@gmail.com)
[info] i  emulators: Starting emulators: functions {"metadata":{"emulator":{"name":"hub"},"message":"Starting emulators: functions"}}
[debug] [2026-05-10T09:55:55.177Z] [logging] Logging Emulator only supports listening on one address (127.0.0.1). Not listening on ::1
[debug] [2026-05-10T09:55:55.177Z] assigned listening specs for emulators {"user":{"hub":[{"address":"127.0.0.1","family":"IPv4","port":4400},{"address":"::1","family":"IPv6","port":4400}],"ui":[{"address":"127.0.0.1","family":"IPv4","port":4000},{"address":"::1","family":"IPv6","port":4000}],"logging":[{"address":"127.0.0.1","family":"IPv4","port":4500}]},"metadata":{"message":"assigned listening specs for emulators"}}
[debug] [2026-05-10T09:55:55.179Z] Write emulator hub locator at C:\Users\alman\AppData\Local\Temp\hub-my-game-portal-10af3.json
[debug] [2026-05-10T09:55:55.185Z] [functions] Functions Emulator only supports listening on one address (127.0.0.1). Not listening on ::1
[debug] [2026-05-10T09:55:55.185Z] [eventarc] Eventarc Emulator only supports listening on one address (127.0.0.1). Not listening on ::1
[debug] [2026-05-10T09:55:55.185Z] [tasks] Cloud Tasks Emulator only supports listening on one address (127.0.0.1). Not listening on ::1
[debug] [2026-05-10T09:55:55.185Z] late-assigned ports for functions and eventarc emulators {"user":{"hub":[{"address":"127.0.0.1","family":"IPv4","port":4400},{"address":"::1","family":"IPv6","port":4400}],"ui":[{"address":"127.0.0.1","family":"IPv4","port":4000},{"address":"::1","family":"IPv6","port":4000}],"logging":[{"address":"127.0.0.1","family":"IPv4","port":4500}],"functions":[{"address":"127.0.0.1","family":"IPv4","port":5001}],"eventarc":[{"address":"127.0.0.1","family":"IPv4","port":9299}],"tasks":[{"address":"127.0.0.1","family":"IPv4","port":9499}]},"metadata":{"message":"late-assigned ports for functions and eventarc emulators"}}
[warn] !  functions: The following emulators are not running, calls to these services from the Functions emulator will affect production: apphosting, auth, firestore, database, hosting, pubsub, storage, dataconnect {"metadata":{"emulator":{"name":"functions"},"message":"The following emulators are not running, calls to these services from the Functions emulator will affect production: \u001b[1mapphosting, auth, firestore, database, hosting, pubsub, storage, dataconnect\u001b[22m"}}
[debug] [2026-05-10T09:55:55.193Z] defaultcredentials: writing to file C:\Users\alman\AppData\Roaming\firebase\gameportaltec_gmail_com_application_default_credentials.json
[debug] [2026-05-10T09:55:55.193Z] Setting GAC to C:\Users\alman\AppData\Roaming\firebase\gameportaltec_gmail_com_application_default_credentials.json {"metadata":{"emulator":{"name":"functions"},"message":"Setting GAC to C:\\Users\\alman\\AppData\\Roaming\\firebase\\gameportaltec_gmail_com_application_default_credentials.json"}}
[debug] [2026-05-10T09:55:55.194Z] Checked if tokens are valid: true, expires at: 1778409671108
[debug] [2026-05-10T09:55:55.194Z] Checked if tokens are valid: true, expires at: 1778409671108
[debug] [2026-05-10T09:55:55.195Z] >>> [apiv2][query] GET https://firebase.googleapis.com/v1beta1/projects/my-game-portal-10af3/adminSdkConfig [none]
[debug] [2026-05-10T09:55:55.459Z] <<< [apiv2][status] GET https://firebase.googleapis.com/v1beta1/projects/my-game-portal-10af3/adminSdkConfig 200
[debug] [2026-05-10T09:55:55.459Z] <<< [apiv2][body] GET https://firebase.googleapis.com/v1beta1/projects/my-game-portal-10af3/adminSdkConfig {"projectId":"my-game-portal-10af3","databaseURL":"https://my-game-portal-10af3-default-rtdb.europe-west1.firebasedatabase.app","storageBucket":"my-game-portal-10af3.firebasestorage.app"}
[info] i  functions: Watching "C:\Users\alman\Desktop\svendeprøveVSC\musGames.github.io\musgames\functions" for Cloud Functions... {"metadata":{"emulator":{"name":"functions"},"message":"Watching \"C:\\Users\\alman\\Desktop\\svendeprøveVSC\\musGames.github.io\\musgames\\functions\" for Cloud Functions..."}}
[debug] [2026-05-10T09:55:55.474Z] Validating nodejs source
[debug] [2026-05-10T09:55:55.962Z] > [functions] package.json contents: {
  "name": "functions",
  "scripts": {
    "build": "tsc",
    "build:watch": "tsc --watch",
    "serve": "npm run build && firebase emulators:start --only functions",
    "shell": "npm run build && firebase functions:shell",
    "start": "npm run shell",
    "deploy": "firebase deploy --only functions",
    "logs": "firebase functions:log"
  },
  "engines": {
    "node": "24"
  },
  "main": "lib/index.js",
  "dependencies": {
    "cloudinary": "^2.10.0",
    "dotenv": "^17.4.2",
    "firebase-admin": "^13.6.0",
    "firebase-functions": "^7.0.0"
  },
  "devDependencies": {
    "firebase-functions-test": "^3.4.1",
    "typescript": "^6.0.0"
  },
  "private": true
}
[debug] [2026-05-10T09:55:55.962Z] Building nodejs source
[debug] [2026-05-10T09:55:55.962Z] Failed to find version of module node: reached end of search path C:\Users\alman\Desktop\svendeprøveVSC\musGames.github.io\musgames\functions\node_modules
[warn] !  functions: Your requested "node" version "24" doesn't match your global version "22". Using node@22 from host. 
[info] i  functions: Loaded environment variables from .env. 
[debug] [2026-05-10T09:55:55.964Z] Could not find functions.yaml. Must use http discovery
[debug] [2026-05-10T09:55:55.967Z] Found firebase-functions binary at 'C:\Users\alman\Desktop\svendeprøveVSC\musGames.github.io\musgames\functions\node_modules\.bin\firebase-functions'
[info] Serving at port 8640

[info] ◇ injected env (3) from .env // tip: ◈ secrets for agents [www.dotenvx.com]

[debug] [2026-05-10T09:55:56.341Z] Got response from /__/functions.yaml {"endpoints":{"getCloudinarySignature":{"availableMemoryMb":null,"timeoutSeconds":null,"minInstances":null,"maxInstances":null,"ingressSettings":null,"concurrency":null,"serviceAccountEmail":null,"vpc":null,"platform":"gcfv2","region":["europe-west1"],"labels":{},"httpsTrigger":{},"entryPoint":"getCloudinarySignature"}},"specVersion":"v1alpha1","requiredAPIs":[],"extensions":{}}
[info] +  functions: Loaded functions definitions from source: getCloudinarySignature. {"metadata":{"emulator":{"name":"functions"},"message":"Loaded functions definitions from source: getCloudinarySignature."}}
[info] +  functions[europe-west1-getCloudinarySignature]: http function initialized (http://127.0.0.1:5001/my-game-portal-10af3/europe-west1/getCloudinarySignature). {"metadata":{"emulator":{"name":"functions"},"message":"\u001b[1mhttp\u001b[22m function initialized (http://127.0.0.1:5001/my-game-portal-10af3/europe-west1/getCloudinarySignature)."}}
[debug] [2026-05-10T09:56:00.379Z] Could not find VSCode notification endpoint: FetchError: request to http://localhost:40001/vscode/notify failed, reason: . If you are not running the Firebase SQL Connect VSCode extension, this is expected and not an issue.
[info] 
┌─────────────────────────────────────────────────────────────┐
│ ✔  All emulators ready! It is now safe to connect your app. │
│ i  View Emulator UI at http://127.0.0.1:4000/               │
└─────────────────────────────────────────────────────────────┘

┌───────────┬────────────────┬─────────────────────────────────┐
│ Emulator  │ Host:Port      │ View in Emulator UI             │
├───────────┼────────────────┼─────────────────────────────────┤
│ Functions │ 127.0.0.1:5001 │ http://127.0.0.1:4000/functions │
└───────────┴────────────────┴─────────────────────────────────┘
  Emulator Hub host: 127.0.0.1 port: 4400
  Other reserved ports: 4500

Issues? Report them at https://github.com/firebase/firebase-tools/issues and attach the *-debug.log files.
 
[debug] [2026-05-10T09:56:20.809Z] [work-queue] {"queuedWork":["/my-game-portal-10af3/europe-west1/getCloudinarySignature-2026-05-10T09:56:20.809Z"],"queueLength":1,"runningWork":[],"workRunningCount":0}
[debug] [2026-05-10T09:56:20.810Z] [work-queue] {"queuedWork":[],"queueLength":0,"runningWork":["/my-game-portal-10af3/europe-west1/getCloudinarySignature-2026-05-10T09:56:20.809Z"],"workRunningCount":1}
[debug] [2026-05-10T09:56:20.810Z] Accepted request OPTIONS /my-game-portal-10af3/europe-west1/getCloudinarySignature --> europe-west1-getCloudinarySignature
[debug] [2026-05-10T09:56:20.811Z] [functions] Runtime ready! Sending request! {"metadata":{"emulator":{"name":"functions"},"message":"[functions] Runtime ready! Sending request!"}}
[debug] [2026-05-10T09:56:20.811Z] [functions] Got req.url=/my-game-portal-10af3/europe-west1/getCloudinarySignature, mapping to path=/ {"metadata":{"emulator":{"name":"functions"},"message":"[functions] Got req.url=/my-game-portal-10af3/europe-west1/getCloudinarySignature, mapping to path=/"}}
[info] i  functions: Loaded environment variables from .env. 
[debug] [2026-05-10T09:56:20.818Z] [worker-pool] addWorker(europe-west1-getCloudinarySignature) {"metadata":{"emulator":{"name":"functions"},"message":"[worker-pool] addWorker(europe-west1-getCloudinarySignature)"}}
[debug] [2026-05-10T09:56:20.818Z] [worker-pool] Adding worker with key europe-west1-getCloudinarySignature, total=1 {"metadata":{"emulator":{"name":"functions"},"message":"[worker-pool] Adding worker with key europe-west1-getCloudinarySignature, total=1"}}
[debug] [2026-05-10T09:56:21.423Z] [runtime-status] [50092] Resolved module firebase-admin {"declared":true,"installed":true,"version":"13.9.0","resolution":"C:\\Users\\alman\\Desktop\\svendeprøveVSC\\musGames.github.io\\musgames\\functions\\node_modules\\firebase-admin\\lib\\index.js"} {"metadata":{"emulator":{"name":"functions"},"function":{"name":"europe-west1-getCloudinarySignature"},"extension":{},"message":"[runtime-status] [50092] Resolved module firebase-admin {\"declared\":true,\"installed\":true,\"version\":\"13.9.0\",\"resolution\":\"C:\\\\Users\\\\alman\\\\Desktop\\\\svendeprøveVSC\\\\musGames.github.io\\\\musgames\\\\functions\\\\node_modules\\\\firebase-admin\\\\lib\\\\index.js\"}"}}
[debug] [2026-05-10T09:56:21.424Z] [runtime-status] [50092] Resolved module firebase-functions {"declared":true,"installed":true,"version":"7.2.5","resolution":"C:\\Users\\alman\\Desktop\\svendeprøveVSC\\musGames.github.io\\musgames\\functions\\node_modules\\firebase-functions\\lib\\v2\\index.js"} {"metadata":{"emulator":{"name":"functions"},"function":{"name":"europe-west1-getCloudinarySignature"},"extension":{},"message":"[runtime-status] [50092] Resolved module firebase-functions {\"declared\":true,\"installed\":true,\"version\":\"7.2.5\",\"resolution\":\"C:\\\\Users\\\\alman\\\\Desktop\\\\svendeprøveVSC\\\\musGames.github.io\\\\musgames\\\\functions\\\\node_modules\\\\firebase-functions\\\\lib\\\\v2\\\\index.js\"}"}}
[debug] [2026-05-10T09:56:21.424Z] [runtime-status] [50092] Outgoing network have been stubbed. [{"name":"http","status":"mocked"},{"name":"http","status":"mocked"},{"name":"https","status":"mocked"},{"name":"https","status":"mocked"},{"name":"net","status":"mocked"}] {"metadata":{"emulator":{"name":"functions"},"function":{"name":"europe-west1-getCloudinarySignature"},"extension":{},"message":"[runtime-status] [50092] Outgoing network have been stubbed. [{\"name\":\"http\",\"status\":\"mocked\"},{\"name\":\"http\",\"status\":\"mocked\"},{\"name\":\"https\",\"status\":\"mocked\"},{\"name\":\"https\",\"status\":\"mocked\"},{\"name\":\"net\",\"status\":\"mocked\"}]"}}
[debug] [2026-05-10T09:56:21.425Z] [runtime-status] [50092] Resolved module firebase-functions {"declared":true,"installed":true,"version":"7.2.5","resolution":"C:\\Users\\alman\\Desktop\\svendeprøveVSC\\musGames.github.io\\musgames\\functions\\node_modules\\firebase-functions\\lib\\v2\\index.js"} {"metadata":{"emulator":{"name":"functions"},"function":{"name":"europe-west1-getCloudinarySignature"},"extension":{},"message":"[runtime-status] [50092] Resolved module firebase-functions {\"declared\":true,\"installed\":true,\"version\":\"7.2.5\",\"resolution\":\"C:\\\\Users\\\\alman\\\\Desktop\\\\svendeprøveVSC\\\\musGames.github.io\\\\musgames\\\\functions\\\\node_modules\\\\firebase-functions\\\\lib\\\\v2\\\\index.js\"}"}}
[debug] [2026-05-10T09:56:21.425Z] [runtime-status] [50092] Detected firebase-functions v7+, skipping legacy stubs. {"metadata":{"emulator":{"name":"functions"},"function":{"name":"europe-west1-getCloudinarySignature"},"extension":{},"message":"[runtime-status] [50092] Detected firebase-functions v7+, skipping legacy stubs."}}
[debug] [2026-05-10T09:56:21.425Z] [runtime-status] [50092] Resolved module firebase-admin {"declared":true,"installed":true,"version":"13.9.0","resolution":"C:\\Users\\alman\\Desktop\\svendeprøveVSC\\musGames.github.io\\musgames\\functions\\node_modules\\firebase-admin\\lib\\index.js"} {"metadata":{"emulator":{"name":"functions"},"function":{"name":"europe-west1-getCloudinarySignature"},"extension":{},"message":"[runtime-status] [50092] Resolved module firebase-admin {\"declared\":true,\"installed\":true,\"version\":\"13.9.0\",\"resolution\":\"C:\\\\Users\\\\alman\\\\Desktop\\\\svendeprøveVSC\\\\musGames.github.io\\\\musgames\\\\functions\\\\node_modules\\\\firebase-admin\\\\lib\\\\index.js\"}"}}
[debug] [2026-05-10T09:56:21.468Z] [runtime-status] [50092] Resolved module firebase-functions {"declared":true,"installed":true,"version":"7.2.5","resolution":"C:\\Users\\alman\\Desktop\\svendeprøveVSC\\musGames.github.io\\musgames\\functions\\node_modules\\firebase-functions\\lib\\v2\\index.js"} {"metadata":{"emulator":{"name":"functions"},"function":{"name":"europe-west1-getCloudinarySignature"},"extension":{},"message":"[runtime-status] [50092] Resolved module firebase-functions {\"declared\":true,\"installed\":true,\"version\":\"7.2.5\",\"resolution\":\"C:\\\\Users\\\\alman\\\\Desktop\\\\svendeprøveVSC\\\\musGames.github.io\\\\musgames\\\\functions\\\\node_modules\\\\firebase-functions\\\\lib\\\\v2\\\\index.js\"}"}}
[debug] [2026-05-10T09:56:21.673Z] [runtime-status] [50092] firebase-admin has been stubbed. {"adminResolution":{"declared":true,"installed":true,"version":"13.9.0","resolution":"C:\\Users\\alman\\Desktop\\svendeprøveVSC\\musGames.github.io\\musgames\\functions\\node_modules\\firebase-admin\\lib\\index.js"}} {"metadata":{"emulator":{"name":"functions"},"function":{"name":"europe-west1-getCloudinarySignature"},"extension":{},"message":"[runtime-status] [50092] firebase-admin has been stubbed. {\"adminResolution\":{\"declared\":true,\"installed\":true,\"version\":\"13.9.0\",\"resolution\":\"C:\\\\Users\\\\alman\\\\Desktop\\\\svendeprøveVSC\\\\musGames.github.io\\\\musgames\\\\functions\\\\node_modules\\\\firebase-admin\\\\lib\\\\index.js\"}}"}}
[info] >  ◇ injected env (0) from .env // tip: ⌘ multiple files { path: ['.env.local', '.env'] } {"user":"◇ injected env (0) from .env // tip: ⌘ multiple files { path: ['.env.local', '.env'] }","metadata":{"emulator":{"name":"functions"},"function":{"name":"europe-west1-getCloudinarySignature"},"extension":{},"message":"\u001b[90m> \u001b[39m ◇ injected env (0) from .env // tip: ⌘ multiple files { path: ['.env.local', '.env'] }"}}
[debug] [2026-05-10T09:56:21.749Z] [runtime-status] [50092] Functions runtime initialized. {"cwd":"C:\\Users\\alman\\Desktop\\svendeprøveVSC\\musGames.github.io\\musgames\\functions","node_version":"22.14.0"} {"metadata":{"emulator":{"name":"functions"},"function":{"name":"europe-west1-getCloudinarySignature"},"extension":{},"message":"[runtime-status] [50092] Functions runtime initialized. {\"cwd\":\"C:\\\\Users\\\\alman\\\\Desktop\\\\svendeprøveVSC\\\\musGames.github.io\\\\musgames\\\\functions\",\"node_version\":\"22.14.0\"}"}}
[debug] [2026-05-10T09:56:21.750Z] [runtime-status] [50092] Listening to port: \\?\pipe\fire_emu_9a3036e3da41b09a {"metadata":{"emulator":{"name":"functions"},"function":{"name":"europe-west1-getCloudinarySignature"},"extension":{},"message":"[runtime-status] [50092] Listening to port: \\\\?\\pipe\\fire_emu_9a3036e3da41b09a"}}
[debug] [2026-05-10T09:56:21.816Z] [worker-europe-west1-getCloudinarySignature-61f8d070-d20c-4fba-b3e0-5f13521187d6]: IDLE {"metadata":{"emulator":{"name":"functions"},"function":{"name":"europe-west1-getCloudinarySignature"},"extension":{},"message":"[worker-europe-west1-getCloudinarySignature-61f8d070-d20c-4fba-b3e0-5f13521187d6]: IDLE"}}
[debug] [2026-05-10T09:56:21.816Z] [worker-pool] submitRequest(triggerId=europe-west1-getCloudinarySignature) {"metadata":{"emulator":{"name":"functions"},"message":"[worker-pool] submitRequest(triggerId=europe-west1-getCloudinarySignature)"}}
[info] i  functions: Beginning execution of "europe-west1-getCloudinarySignature" {"metadata":{"emulator":{"name":"functions"},"function":{"name":"europe-west1-getCloudinarySignature"},"extension":{},"message":"Beginning execution of \"europe-west1-getCloudinarySignature\""}}
[debug] [2026-05-10T09:56:21.817Z] [worker-europe-west1-getCloudinarySignature-61f8d070-d20c-4fba-b3e0-5f13521187d6]: BUSY {"metadata":{"emulator":{"name":"functions"},"function":{"name":"europe-west1-getCloudinarySignature"},"extension":{},"message":"[worker-europe-west1-getCloudinarySignature-61f8d070-d20c-4fba-b3e0-5f13521187d6]: BUSY"}}
[debug] [2026-05-10T09:56:21.819Z] Finishing up request with event=pause {"metadata":{"emulator":{"name":"functions"},"function":{"name":"europe-west1-getCloudinarySignature"},"extension":{},"message":"Finishing up request with event=pause"}}
[info] i  functions: Finished "europe-west1-getCloudinarySignature" in 2.1839ms {"metadata":{"emulator":{"name":"functions"},"function":{"name":"europe-west1-getCloudinarySignature"},"extension":{},"message":"Finished \"europe-west1-getCloudinarySignature\" in 2.1839ms"}}
[debug] [2026-05-10T09:56:21.821Z] [worker-europe-west1-getCloudinarySignature-61f8d070-d20c-4fba-b3e0-5f13521187d6]: IDLE {"metadata":{"emulator":{"name":"functions"},"function":{"name":"europe-west1-getCloudinarySignature"},"extension":{},"message":"[worker-europe-west1-getCloudinarySignature-61f8d070-d20c-4fba-b3e0-5f13521187d6]: IDLE"}}
[debug] [2026-05-10T09:56:21.821Z] Finishing up request with event=finish {"metadata":{"emulator":{"name":"functions"},"function":{"name":"europe-west1-getCloudinarySignature"},"extension":{},"message":"Finishing up request with event=finish"}}
[debug] [2026-05-10T09:56:21.821Z] Finishing up request with event=close {"metadata":{"emulator":{"name":"functions"},"function":{"name":"europe-west1-getCloudinarySignature"},"extension":{},"message":"Finishing up request with event=close"}}
[debug] [2026-05-10T09:56:21.821Z] [work-queue] {"queuedWork":[],"queueLength":0,"runningWork":[],"workRunningCount":0}
[debug] [2026-05-10T09:56:21.822Z] [work-queue] {"queuedWork":["/my-game-portal-10af3/europe-west1/getCloudinarySignature-2026-05-10T09:56:21.822Z"],"queueLength":1,"runningWork":[],"workRunningCount":0}
[debug] [2026-05-10T09:56:21.822Z] [work-queue] {"queuedWork":[],"queueLength":0,"runningWork":["/my-game-portal-10af3/europe-west1/getCloudinarySignature-2026-05-10T09:56:21.822Z"],"workRunningCount":1}
[debug] [2026-05-10T09:56:21.822Z] Accepted request POST /my-game-portal-10af3/europe-west1/getCloudinarySignature --> europe-west1-getCloudinarySignature
[debug] [2026-05-10T09:56:21.822Z] [functions] Runtime ready! Sending request! {"metadata":{"emulator":{"name":"functions"},"message":"[functions] Runtime ready! Sending request!"}}
[debug] [2026-05-10T09:56:21.823Z] [functions] Got req.url=/my-game-portal-10af3/europe-west1/getCloudinarySignature, mapping to path=/ {"metadata":{"emulator":{"name":"functions"},"message":"[functions] Got req.url=/my-game-portal-10af3/europe-west1/getCloudinarySignature, mapping to path=/"}}
[debug] [2026-05-10T09:56:21.823Z] [worker-pool] submitRequest(triggerId=europe-west1-getCloudinarySignature) {"metadata":{"emulator":{"name":"functions"},"message":"[worker-pool] submitRequest(triggerId=europe-west1-getCloudinarySignature)"}}
[info] i  functions: Beginning execution of "europe-west1-getCloudinarySignature" {"metadata":{"emulator":{"name":"functions"},"function":{"name":"europe-west1-getCloudinarySignature"},"extension":{},"message":"Beginning execution of \"europe-west1-getCloudinarySignature\""}}
[debug] [2026-05-10T09:56:21.823Z] [worker-europe-west1-getCloudinarySignature-61f8d070-d20c-4fba-b3e0-5f13521187d6]: BUSY {"metadata":{"emulator":{"name":"functions"},"function":{"name":"europe-west1-getCloudinarySignature"},"extension":{},"message":"[worker-europe-west1-getCloudinarySignature-61f8d070-d20c-4fba-b3e0-5f13521187d6]: BUSY"}}
[debug] [2026-05-10T09:56:21.838Z] Finishing up request with event=pause {"metadata":{"emulator":{"name":"functions"},"function":{"name":"europe-west1-getCloudinarySignature"},"extension":{},"message":"Finishing up request with event=pause"}}
[info] i  functions: Finished "europe-west1-getCloudinarySignature" in 15.3415ms {"metadata":{"emulator":{"name":"functions"},"function":{"name":"europe-west1-getCloudinarySignature"},"extension":{},"message":"Finished \"europe-west1-getCloudinarySignature\" in 15.3415ms"}}
[debug] [2026-05-10T09:56:21.838Z] [worker-europe-west1-getCloudinarySignature-61f8d070-d20c-4fba-b3e0-5f13521187d6]: IDLE {"metadata":{"emulator":{"name":"functions"},"function":{"name":"europe-west1-getCloudinarySignature"},"extension":{},"message":"[worker-europe-west1-getCloudinarySignature-61f8d070-d20c-4fba-b3e0-5f13521187d6]: IDLE"}}
[debug] [2026-05-10T09:56:21.838Z] Finishing up request with event=finish {"metadata":{"emulator":{"name":"functions"},"function":{"name":"europe-west1-getCloudinarySignature"},"extension":{},"message":"Finishing up request with event=finish"}}
[debug] [2026-05-10T09:56:21.839Z] Finishing up request with event=close {"metadata":{"emulator":{"name":"functions"},"function":{"name":"europe-west1-getCloudinarySignature"},"extension":{},"message":"Finishing up request with event=close"}}
[debug] [2026-05-10T09:56:21.839Z] [work-queue] {"queuedWork":[],"queueLength":0,"runningWork":[],"workRunningCount":0}
